# JRE version: OpenJDK Runtime Environment Temurin-17.0.7+7 (17.0.7+7) (build 17.0.7+7)
# Java VM: OpenJDK 64-Bit Server VM Temurin-17.0.7+7 (17.0.7+7, mixed mode, emulated-client, tiered, compressed oops, compressed class ptrs, g1 gc, windows-amd64)
GC Precious Log:
 CPUs: 8 total, 8 available
 Memory: 18379M
 Large Page Support: Disabled
 NUMA Support: Disabled
 Compressed Oops: Enabled (32-bit)
 Heap Region Size: 1M
 Heap Min Capacity: 8M
 Heap Initial Capacity: 288M
 Heap Max Capacity: 1G
 Pre-touch: Disabled
 Parallel Workers: 8
 Concurrent Workers: 2
 Concurrent Refinement Workers: 8
 Periodic GC: Disabled
Heap:
 garbage-first heap   total 283648K, used 84025K [0x00000000c0000000, 0x0000000100000000)
  region size 1024K, 1 young (1024K), 0 survivors (0K)
 Metaspace       used 76416K, committed 76928K, reserved 1179648K
  class space    used 10461K, committed 10752K, reserved 1048576K
GC Heap History (20 events):
Event: 276225.685 GC heap before
{Heap before GC invocations=8235 (full 7857):
 garbage-first heap   total 283648K, used 84025K [0x00000000c0000000, 0x0000000100000000)
  region size 1024K, 1 young (1024K), 0 survivors (0K)
 Metaspace       used 76416K, committed 76928K, reserved 1179648K
  class space    used 10461K, committed 10752K, reserved 1048576K
}
Event: 276225.764 GC heap after
{Heap after GC invocations=8236 (full 7858):
 garbage-first heap   total 283648K, used 84025K [0x00000000c0000000, 0x0000000100000000)
  region size 1024K, 0 young (0K), 0 survivors (0K)
 Metaspace       used 76416K, committed 76928K, reserved 1179648K
  class space    used 10461K, committed 10752K, reserved 1048576K
}
Event: 276235.980 GC heap before
{Heap before GC invocations=8236 (full 7858):
 garbage-first heap   total 283648K, used 84025K [0x00000000c0000000, 0x0000000100000000)
  region size 1024K, 1 young (1024K), 0 survivors (0K)
 Metaspace       used 76416K, committed 76928K, reserved 1179648K
  class space    used 10461K, committed 10752K, reserved 1048576K
}
Event: 276236.064 GC heap after
{Heap after GC invocations=8237 (full 7859):
 garbage-first heap   total 283648K, used 84025K [0x00000000c0000000, 0x0000000100000000)
  region size 1024K, 0 young (0K), 0 survivors (0K)
 Metaspace       used 76416K, committed 76928K, reserved 1179648K
  class space    used 10461K, committed 10752K, reserved 1048576K
}
Event: 276246.431 GC heap before
{Heap before GC invocations=8237 (full 7859):
 garbage-first heap   total 283648K, used 84025K [0x00000000c0000000, 0x0000000100000000)
  region size 1024K, 1 young (1024K), 0 survivors (0K)
 Metaspace       used 76416K, committed 76928K, reserved 1179648K
  class space    used 10461K, committed 10752K, reserved 1048576K
}
Event: 276246.576 GC heap after
{Heap after GC invocations=8238 (full 7860):
 garbage-first heap   total 283648K, used 84025K [0x00000000c0000000, 0x0000000100000000)
  region size 1024K, 0 young (0K), 0 survivors (0K)
 Metaspace       used 76416K, committed 76928K, reserved 1179648K
  class space    used 10461K, committed 10752K, reserved 1048576K
}
Event: 276256.886 GC heap before
{Heap before GC invocations=8238 (full 7860):
 garbage-first heap   total 283648K, used 84025K [0x00000000c0000000, 0x0000000100000000)
  region size 1024K, 1 young (1024K), 0 survivors (0K)
 Metaspace       used 76416K, committed 76928K, reserved 1179648K
  class space    used 10461K, committed 10752K, reserved 1048576K
}
Event: 276257.000 GC heap after
{Heap after GC invocations=8239 (full 7861):
 garbage-first heap   total 283648K, used 84025K [0x00000000c0000000, 0x0000000100000000)
  region size 1024K, 0 young (0K), 0 survivors (0K)
 Metaspace       used 76416K, committed 76928K, reserved 1179648K
  class space    used 10461K, committed 10752K, reserved 1048576K
}
Event: 276267.314 GC heap before
{Heap before GC invocations=8239 (full 7861):
 garbage-first heap   total 283648K, used 84025K [0x00000000c0000000, 0x0000000100000000)
  region size 1024K, 1 young (1024K), 0 survivors (0K)
 Metaspace       used 76416K, committed 76928K, reserved 1179648K
  class space    used 10461K, committed 10752K, reserved 1048576K
}
Event: 276267.423 GC heap after
{Heap after GC invocations=8240 (full 7862):
 garbage-first heap   total 283648K, used 84025K [0x00000000c0000000, 0x0000000100000000)
  region size 1024K, 0 young (0K), 0 survivors (0K)
 Metaspace       used 76416K, committed 76928K, reserved 1179648K
  class space    used 10461K, committed 10752K, reserved 1048576K
}
Event: 276277.746 GC heap before
{Heap before GC invocations=8240 (full 7862):
 garbage-first heap   total 283648K, used 84025K [0x00000000c0000000, 0x0000000100000000)
  region size 1024K, 1 young (1024K), 0 survivors (0K)
 Metaspace       used 76416K, committed 76928K, reserved 1179648K
  class space    used 10461K, committed 10752K, reserved 1048576K
}
Event: 276277.823 GC heap after
{Heap after GC invocations=8241 (full 7863):
 garbage-first heap   total 283648K, used 84025K [0x00000000c0000000, 0x0000000100000000)
  region size 1024K, 0 young (0K), 0 survivors (0K)
 Metaspace       used 76416K, committed 76928K, reserved 1179648K
  class space    used 10461K, committed 10752K, reserved 1048576K
}
Event: 276288.093 GC heap before
{Heap before GC invocations=8241 (full 7863):
 garbage-first heap   total 283648K, used 84025K [0x00000000c0000000, 0x0000000100000000)
  region size 1024K, 1 young (1024K), 0 survivors (0K)
 Metaspace       used 76416K, committed 76928K, reserved 1179648K
  class space    used 10461K, committed 10752K, reserved 1048576K
}
Event: 276288.211 GC heap after
{Heap after GC invocations=8242 (full 7864):
 garbage-first heap   total 283648K, used 84025K [0x00000000c0000000, 0x0000000100000000)
  region size 1024K, 0 young (0K), 0 survivors (0K)
 Metaspace       used 76416K, committed 76928K, reserved 1179648K
  class space    used 10461K, committed 10752K, reserved 1048576K
}
Event: 276298.455 GC heap before
{Heap before GC invocations=8242 (full 7864):
 garbage-first heap   total 283648K, used 84025K [0x00000000c0000000, 0x0000000100000000)
  region size 1024K, 1 young (1024K), 0 survivors (0K)
 Metaspace       used 76416K, committed 76928K, reserved 1179648K
  class space    used 10461K, committed 10752K, reserved 1048576K
}
Event: 276298.552 GC heap after
{Heap after GC invocations=8243 (full 7865):
 garbage-first heap   total 283648K, used 84025K [0x00000000c0000000, 0x0000000100000000)
  region size 1024K, 0 young (0K), 0 survivors (0K)
 Metaspace       used 76416K, committed 76928K, reserved 1179648K
  class space    used 10461K, committed 10752K, reserved 1048576K
}
Event: 276308.838 GC heap before
{Heap before GC invocations=8243 (full 7865):
 garbage-first heap   total 283648K, used 84025K [0x00000000c0000000, 0x0000000100000000)
  region size 1024K, 1 young (1024K), 0 survivors (0K)
 Metaspace       used 76416K, committed 76928K, reserved 1179648K
  class space    used 10461K, committed 10752K, reserved 1048576K
}
Event: 276308.945 GC heap after
{Heap after GC invocations=8244 (full 7866):
 garbage-first heap   total 283648K, used 84025K [0x00000000c0000000, 0x0000000100000000)
  region size 1024K, 0 young (0K), 0 survivors (0K)
 Metaspace       used 76416K, committed 76928K, reserved 1179648K
  class space    used 10461K, committed 10752K, reserved 1048576K
}
Event: 276319.213 GC heap before
{Heap before GC invocations=8244 (full 7866):
 garbage-first heap   total 283648K, used 84025K [0x00000000c0000000, 0x0000000100000000)
  region size 1024K, 1 young (1024K), 0 survivors (0K)
 Metaspace       used 76416K, committed 76928K, reserved 1179648K
  class space    used 10461K, committed 10752K, reserved 1048576K
}
Event: 276319.325 GC heap after
{Heap after GC invocations=8245 (full 7867):
 garbage-first heap   total 283648K, used 84025K [0x00000000c0000000, 0x0000000100000000)
  region size 1024K, 0 young (0K), 0 survivors (0K)
 Metaspace       used 76416K, committed 76928K, reserved 1179648K
  class space    used 10461K, committed 10752K, reserved 1048576K
}

