# JRE version: Java(TM) SE Runtime Environment (8.0_111-b14) (build 1.8.0_111-b14)
# Java VM: Java HotSpot(TM) 64-Bit Server VM (25.111-b14 mixed mode windows-amd64 compressed oops)
Heap:
 PSYoungGen      total 237568K, used 119845K [0x00000000d6000000, 0x00000000e5880000, 0x0000000100000000)
  eden space 226816K, 52% used [0x00000000d6000000,0x00000000dd509640,0x00000000e3d80000)
  from space 10752K, 0% used [0x00000000e4d80000,0x00000000e4d80000,0x00000000e5800000)
  to   space 13824K, 0% used [0x00000000e3d80000,0x00000000e3d80000,0x00000000e4b00000)
 ParOldGen       total 73216K, used 17502K [0x0000000082000000, 0x0000000086780000, 0x00000000d6000000)
  object space 73216K, 23% used [0x0000000082000000,0x0000000083117888,0x0000000086780000)
 Metaspace       used 48222K, capacity 50904K, committed 51248K, reserved 1093632K
  class space    used 6628K, capacity 7145K, committed 7216K, reserved 1048576K
GC Heap History (10 events):
Event: 6.319 GC heap before
{Heap before GC invocations=4 (full 0):
 PSYoungGen      total 70656K, used 9451K [0x00000000d6000000, 0x00000000dea00000, 0x0000000100000000)
  eden space 65536K, 6% used [0x00000000d6000000,0x00000000d643ed70,0x00000000da000000)
  from space 5120K, 99% used [0x00000000da000000,0x00000000da4fc150,0x00000000da500000)
  to   space 5120K, 0% used [0x00000000de500000,0x00000000de500000,0x00000000dea00000)
 ParOldGen       total 86016K, used 4753K [0x0000000082000000, 0x0000000087400000, 0x00000000d6000000)
  object space 86016K, 5% used [0x0000000082000000,0x00000000824a47d0,0x0000000087400000)
 Metaspace       used 19809K, capacity 21280K, committed 21296K, reserved 1067008K
  class space    used 2559K, capacity 2850K, committed 2864K, reserved 1048576K
Event: 6.341 GC heap after
Heap after GC invocations=4 (full 0):
 PSYoungGen      total 136192K, used 5103K [0x00000000d6000000, 0x00000000dea00000, 0x0000000100000000)
  eden space 131072K, 0% used [0x00000000d6000000,0x00000000d6000000,0x00000000de000000)
  from space 5120K, 99% used [0x00000000de500000,0x00000000de9fbc20,0x00000000dea00000)
  to   space 5120K, 0% used [0x00000000de000000,0x00000000de000000,0x00000000de500000)
 ParOldGen       total 86016K, used 4761K [0x0000000082000000, 0x0000000087400000, 0x00000000d6000000)
  object space 86016K, 5% used [0x0000000082000000,0x00000000824a67d0,0x0000000087400000)
 Metaspace       used 19809K, capacity 21280K, committed 21296K, reserved 1067008K
  class space    used 2559K, capacity 2850K, committed 2864K, reserved 1048576K
}
Event: 6.341 GC heap before
{Heap before GC invocations=5 (full 1):
 PSYoungGen      total 136192K, used 5103K [0x00000000d6000000, 0x00000000dea00000, 0x0000000100000000)
  eden space 131072K, 0% used [0x00000000d6000000,0x00000000d6000000,0x00000000de000000)
  from space 5120K, 99% used [0x00000000de500000,0x00000000de9fbc20,0x00000000dea00000)
  to   space 5120K, 0% used [0x00000000de000000,0x00000000de000000,0x00000000de500000)
 ParOldGen       total 86016K, used 4761K [0x0000000082000000, 0x0000000087400000, 0x00000000d6000000)
  object space 86016K, 5% used [0x0000000082000000,0x00000000824a67d0,0x0000000087400000)
 Metaspace       used 19809K, capacity 21280K, committed 21296K, reserved 1067008K
  class space    used 2559K, capacity 2850K, committed 2864K, reserved 1048576K
Event: 6.419 GC heap after
Heap after GC invocations=5 (full 1):
 PSYoungGen      total 136192K, used 0K [0x00000000d6000000, 0x00000000dea00000, 0x0000000100000000)
  eden space 131072K, 0% used [0x00000000d6000000,0x00000000d6000000,0x00000000de000000)
  from space 5120K, 0% used [0x00000000de500000,0x00000000de500000,0x00000000dea00000)
  to   space 5120K, 0% used [0x00000000de000000,0x00000000de000000,0x00000000de500000)
 ParOldGen       total 49664K, used 5471K [0x0000000082000000, 0x0000000085080000, 0x00000000d6000000)
  object space 49664K, 11% used [0x0000000082000000,0x0000000082557c00,0x0000000085080000)
 Metaspace       used 19809K, capacity 21280K, committed 21296K, reserved 1067008K
  class space    used 2559K, capacity 2850K, committed 2864K, reserved 1048576K
}
Event: 8.886 GC heap before
{Heap before GC invocations=6 (full 1):
 PSYoungGen      total 136192K, used 131072K [0x00000000d6000000, 0x00000000dea00000, 0x0000000100000000)
  eden space 131072K, 100% used [0x00000000d6000000,0x00000000de000000,0x00000000de000000)
  from space 5120K, 0% used [0x00000000de500000,0x00000000de500000,0x00000000dea00000)
  to   space 5120K, 0% used [0x00000000de000000,0x00000000de000000,0x00000000de500000)
 ParOldGen       total 49664K, used 5471K [0x0000000082000000, 0x0000000085080000, 0x00000000d6000000)
  object space 49664K, 11% used [0x0000000082000000,0x0000000082557c00,0x0000000085080000)
 Metaspace       used 25351K, capacity 27148K, committed 27312K, reserved 1073152K
  class space    used 3304K, capacity 3642K, committed 3760K, reserved 1048576K
Event: 8.917 GC heap after
Heap after GC invocations=6 (full 1):
 PSYoungGen      total 136192K, used 5111K [0x00000000d6000000, 0x00000000e5800000, 0x0000000100000000)
  eden space 131072K, 0% used [0x00000000d6000000,0x00000000d6000000,0x00000000de000000)
  from space 5120K, 99% used [0x00000000de000000,0x00000000de4fdd08,0x00000000de500000)
  to   space 10752K, 0% used [0x00000000e4d80000,0x00000000e4d80000,0x00000000e5800000)
 ParOldGen       total 49664K, used 9156K [0x0000000082000000, 0x0000000085080000, 0x00000000d6000000)
  object space 49664K, 18% used [0x0000000082000000,0x00000000828f1260,0x0000000085080000)
 Metaspace       used 25351K, capacity 27148K, committed 27312K, reserved 1073152K
  class space    used 3304K, capacity 3642K, committed 3760K, reserved 1048576K
}
Event: 13.511 GC heap before
{Heap before GC invocations=7 (full 1):
 PSYoungGen      total 136192K, used 131496K [0x00000000d6000000, 0x00000000e5800000, 0x0000000100000000)
  eden space 131072K, 96% used [0x00000000d6000000,0x00000000ddb6c5d0,0x00000000de000000)
  from space 5120K, 99% used [0x00000000de000000,0x00000000de4fdd08,0x00000000de500000)
  to   space 10752K, 0% used [0x00000000e4d80000,0x00000000e4d80000,0x00000000e5800000)
 ParOldGen       total 49664K, used 9156K [0x0000000082000000, 0x0000000085080000, 0x00000000d6000000)
  object space 49664K, 18% used [0x0000000082000000,0x00000000828f1260,0x0000000085080000)
 Metaspace       used 33134K, capacity 35434K, committed 35496K, reserved 1079296K
  class space    used 4414K, capacity 4855K, committed 4912K, reserved 1048576K
Event: 13.545 GC heap after
Heap after GC invocations=7 (full 1):
 PSYoungGen      total 237568K, used 10750K [0x00000000d6000000, 0x00000000e5880000, 0x0000000100000000)
  eden space 226816K, 0% used [0x00000000d6000000,0x00000000d6000000,0x00000000e3d80000)
  from space 10752K, 99% used [0x00000000e4d80000,0x00000000e57ffa80,0x00000000e5800000)
  to   space 13824K, 0% used [0x00000000e3d80000,0x00000000e3d80000,0x00000000e4b00000)
 ParOldGen       total 49664K, used 11152K [0x0000000082000000, 0x0000000085080000, 0x00000000d6000000)
  object space 49664K, 22% used [0x0000000082000000,0x0000000082ae40c8,0x0000000085080000)
 Metaspace       used 33134K, capacity 35434K, committed 35496K, reserved 1079296K
  class space    used 4414K, capacity 4855K, committed 4912K, reserved 1048576K
}
Event: 13.545 GC heap before
{Heap before GC invocations=8 (full 2):
 PSYoungGen      total 237568K, used 10750K [0x00000000d6000000, 0x00000000e5880000, 0x0000000100000000)
  eden space 226816K, 0% used [0x00000000d6000000,0x00000000d6000000,0x00000000e3d80000)
  from space 10752K, 99% used [0x00000000e4d80000,0x00000000e57ffa80,0x00000000e5800000)
  to   space 13824K, 0% used [0x00000000e3d80000,0x00000000e3d80000,0x00000000e4b00000)
 ParOldGen       total 49664K, used 11152K [0x0000000082000000, 0x0000000085080000, 0x00000000d6000000)
  object space 49664K, 22% used [0x0000000082000000,0x0000000082ae40c8,0x0000000085080000)
 Metaspace       used 33134K, capacity 35434K, committed 35496K, reserved 1079296K
  class space    used 4414K, capacity 4855K, committed 4912K, reserved 1048576K
Event: 13.635 GC heap after
Heap after GC invocations=8 (full 2):
 PSYoungGen      total 237568K, used 0K [0x00000000d6000000, 0x00000000e5880000, 0x0000000100000000)
  eden space 226816K, 0% used [0x00000000d6000000,0x00000000d6000000,0x00000000e3d80000)
  from space 10752K, 0% used [0x00000000e4d80000,0x00000000e4d80000,0x00000000e5800000)
  to   space 13824K, 0% used [0x00000000e3d80000,0x00000000e3d80000,0x00000000e4b00000)
 ParOldGen       total 73216K, used 17502K [0x0000000082000000, 0x0000000086780000, 0x00000000d6000000)
  object space 73216K, 23% used [0x0000000082000000,0x0000000083117888,0x0000000086780000)
 Metaspace       used 33134K, capacity 35434K, committed 35496K, reserved 1079296K
  class space    used 4414K, capacity 4855K, committed 4912K, reserved 1048576K
}

