# JRE version: OpenJDK Runtime Environment Temurin-17.0.7+7 (17.0.7+7) (build 17.0.7+7)
# Java VM: OpenJDK 64-Bit Server VM Temurin-17.0.7+7 (17.0.7+7, mixed mode, emulated-client, tiered, compressed oops, compressed class ptrs, g1 gc, windows-amd64)
GC Precious Log:
 CPUs: 8 total, 8 available
 Memory: 18379M
 Large Page Support: Disabled
 NUMA Support: Disabled
 Compressed Oops: Enabled (32-bit)
 Heap Region Size: 1M
 Heap Min Capacity: 8M
 Heap Initial Capacity: 288M
 Heap Max Capacity: 1G
 Pre-touch: Disabled
 Parallel Workers: 8
 Concurrent Workers: 2
 Concurrent Refinement Workers: 8
 Periodic GC: Disabled
Heap:
 garbage-first heap   total 45056K, used 14344K [0x00000000c0000000, 0x0000000100000000)
  region size 1024K, 2 young (2048K), 1 survivors (1024K)
 Metaspace       used 34624K, committed 35008K, reserved 1114112K
  class space    used 4508K, committed 4672K, reserved 1048576K
GC Heap History (20 events):
Event: 94899.822 GC heap before
{Heap before GC invocations=2038 (full 1546):
 garbage-first heap   total 45056K, used 35845K [0x00000000c0000000, 0x0000000100000000)
  region size 1024K, 22 young (22528K), 1 survivors (1024K)
 Metaspace       used 34624K, committed 35008K, reserved 1114112K
  class space    used 4508K, committed 4672K, reserved 1048576K
}
Event: 94899.823 GC heap after
{Heap after GC invocations=2039 (full 1546):
 garbage-first heap   total 45056K, used 14345K [0x00000000c0000000, 0x0000000100000000)
  region size 1024K, 1 young (1024K), 1 survivors (1024K)
 Metaspace       used 34624K, committed 35008K, reserved 1114112K
  class space    used 4508K, committed 4672K, reserved 1048576K
}
Event: 94919.050 GC heap before
{Heap before GC invocations=2039 (full 1546):
 garbage-first heap   total 45056K, used 35849K [0x00000000c0000000, 0x0000000100000000)
  region size 1024K, 22 young (22528K), 1 survivors (1024K)
 Metaspace       used 34624K, committed 35008K, reserved 1114112K
  class space    used 4508K, committed 4672K, reserved 1048576K
}
Event: 94919.050 GC heap after
{Heap after GC invocations=2040 (full 1546):
 garbage-first heap   total 45056K, used 14343K [0x00000000c0000000, 0x0000000100000000)
  region size 1024K, 1 young (1024K), 1 survivors (1024K)
 Metaspace       used 34624K, committed 35008K, reserved 1114112K
  class space    used 4508K, committed 4672K, reserved 1048576K
}
Event: 94939.536 GC heap before
{Heap before GC invocations=2040 (full 1546):
 garbage-first heap   total 45056K, used 35847K [0x00000000c0000000, 0x0000000100000000)
  region size 1024K, 22 young (22528K), 1 survivors (1024K)
 Metaspace       used 34624K, committed 35008K, reserved 1114112K
  class space    used 4508K, committed 4672K, reserved 1048576K
}
Event: 94939.536 GC heap after
{Heap after GC invocations=2041 (full 1546):
 garbage-first heap   total 45056K, used 14341K [0x00000000c0000000, 0x0000000100000000)
  region size 1024K, 1 young (1024K), 1 survivors (1024K)
 Metaspace       used 34624K, committed 35008K, reserved 1114112K
  class space    used 4508K, committed 4672K, reserved 1048576K
}
Event: 94961.298 GC heap before
{Heap before GC invocations=2041 (full 1546):
 garbage-first heap   total 45056K, used 35845K [0x00000000c0000000, 0x0000000100000000)
  region size 1024K, 22 young (22528K), 1 survivors (1024K)
 Metaspace       used 34624K, committed 35008K, reserved 1114112K
  class space    used 4508K, committed 4672K, reserved 1048576K
}
Event: 94961.299 GC heap after
{Heap after GC invocations=2042 (full 1546):
 garbage-first heap   total 45056K, used 14343K [0x00000000c0000000, 0x0000000100000000)
  region size 1024K, 1 young (1024K), 1 survivors (1024K)
 Metaspace       used 34624K, committed 35008K, reserved 1114112K
  class space    used 4508K, committed 4672K, reserved 1048576K
}
Event: 94983.645 GC heap before
{Heap before GC invocations=2042 (full 1546):
 garbage-first heap   total 45056K, used 35847K [0x00000000c0000000, 0x0000000100000000)
  region size 1024K, 22 young (22528K), 1 survivors (1024K)
 Metaspace       used 34624K, committed 35008K, reserved 1114112K
  class space    used 4508K, committed 4672K, reserved 1048576K
}
Event: 94983.646 GC heap after
{Heap after GC invocations=2043 (full 1546):
 garbage-first heap   total 45056K, used 14339K [0x00000000c0000000, 0x0000000100000000)
  region size 1024K, 1 young (1024K), 1 survivors (1024K)
 Metaspace       used 34624K, committed 35008K, reserved 1114112K
  class space    used 4508K, committed 4672K, reserved 1048576K
}
Event: 95006.508 GC heap before
{Heap before GC invocations=2043 (full 1546):
 garbage-first heap   total 45056K, used 35843K [0x00000000c0000000, 0x0000000100000000)
  region size 1024K, 22 young (22528K), 1 survivors (1024K)
 Metaspace       used 34624K, committed 35008K, reserved 1114112K
  class space    used 4508K, committed 4672K, reserved 1048576K
}
Event: 95006.508 GC heap after
{Heap after GC invocations=2044 (full 1546):
 garbage-first heap   total 45056K, used 14341K [0x00000000c0000000, 0x0000000100000000)
  region size 1024K, 1 young (1024K), 1 survivors (1024K)
 Metaspace       used 34624K, committed 35008K, reserved 1114112K
  class space    used 4508K, committed 4672K, reserved 1048576K
}
Event: 95029.860 GC heap before
{Heap before GC invocations=2044 (full 1546):
 garbage-first heap   total 45056K, used 35845K [0x00000000c0000000, 0x0000000100000000)
  region size 1024K, 22 young (22528K), 1 survivors (1024K)
 Metaspace       used 34624K, committed 35008K, reserved 1114112K
  class space    used 4508K, committed 4672K, reserved 1048576K
}
Event: 95029.861 GC heap after
{Heap after GC invocations=2045 (full 1546):
 garbage-first heap   total 45056K, used 14344K [0x00000000c0000000, 0x0000000100000000)
  region size 1024K, 1 young (1024K), 1 survivors (1024K)
 Metaspace       used 34624K, committed 35008K, reserved 1114112K
  class space    used 4508K, committed 4672K, reserved 1048576K
}
Event: 95053.686 GC heap before
{Heap before GC invocations=2045 (full 1546):
 garbage-first heap   total 45056K, used 35848K [0x00000000c0000000, 0x0000000100000000)
  region size 1024K, 22 young (22528K), 1 survivors (1024K)
 Metaspace       used 34624K, committed 35008K, reserved 1114112K
  class space    used 4508K, committed 4672K, reserved 1048576K
}
Event: 95053.686 GC heap after
{Heap after GC invocations=2046 (full 1546):
 garbage-first heap   total 45056K, used 14341K [0x00000000c0000000, 0x0000000100000000)
  region size 1024K, 1 young (1024K), 1 survivors (1024K)
 Metaspace       used 34624K, committed 35008K, reserved 1114112K
  class space    used 4508K, committed 4672K, reserved 1048576K
}
Event: 95077.206 GC heap before
{Heap before GC invocations=2046 (full 1546):
 garbage-first heap   total 45056K, used 35845K [0x00000000c0000000, 0x0000000100000000)
  region size 1024K, 22 young (22528K), 1 survivors (1024K)
 Metaspace       used 34624K, committed 35008K, reserved 1114112K
  class space    used 4508K, committed 4672K, reserved 1048576K
}
Event: 95077.206 GC heap after
{Heap after GC invocations=2047 (full 1546):
 garbage-first heap   total 45056K, used 14344K [0x00000000c0000000, 0x0000000100000000)
  region size 1024K, 1 young (1024K), 1 survivors (1024K)
 Metaspace       used 34624K, committed 35008K, reserved 1114112K
  class space    used 4508K, committed 4672K, reserved 1048576K
}
Event: 95101.673 GC heap before
{Heap before GC invocations=2047 (full 1546):
 garbage-first heap   total 45056K, used 35848K [0x00000000c0000000, 0x0000000100000000)
  region size 1024K, 22 young (22528K), 1 survivors (1024K)
 Metaspace       used 34624K, committed 35008K, reserved 1114112K
  class space    used 4508K, committed 4672K, reserved 1048576K
}
Event: 95101.673 GC heap after
{Heap after GC invocations=2048 (full 1546):
 garbage-first heap   total 45056K, used 14344K [0x00000000c0000000, 0x0000000100000000)
  region size 1024K, 1 young (1024K), 1 survivors (1024K)
 Metaspace       used 34624K, committed 35008K, reserved 1114112K
  class space    used 4508K, committed 4672K, reserved 1048576K
}

